                      :-) GROMACS - gmx mdrun, 2026.0 (-:

Copyright 1991-2026 The GROMACS Authors.
GROMACS is free software; you can redistribute it and/or modify it
under the terms of the GNU Lesser General Public License
as published by the Free Software Foundation; either version 2.1
of the License, or (at your option) any later version.

                         Current GROMACS contributors:
       Mark Abraham           Andrey Alekseenko           Brian Andrews       
        Paul Bauer              Cathrine Bergh              Hugh Bird         
      Eliane Briand               Ania Brown                Yiqi Chen         
      Mahesh Doijade            Giacomo Fiorin          Stefan Fleischmann    
      Sergey Gorelov         Gilles Gouaillardet            Alan Gray         
   Farzaneh Jalalypour         Petter Johansson          Carsten Kutzner      
    Grzegorz Łazarski         Justin A. Lemkul          Magnus Lundborg      
        Julio Maia               Pascal Merz             Vedran Miletić      
      Dmitry Morozov           Lukas Müllender           Szilárd Páll      
 Andrea Pasquadibisceglie     Michele Pellegrino         Nicola Piasentin     
     Daniele Rapetti         Muhammad Umair Sadiq         Hubert Santuz       
      Michael Shirts           Tatiana Shugaeva          Alexey Shvetsov      
     Bálint Soproni            Philip Turner            Alessandra Villa     
        Yang Zhang        

                         Previous GROMACS contributors:
        Emile Apol             Rossen Apostolov           James Barnett       
      Vladimir Basov        Herman J.C. Berendsen          Par Bjelkmar       
      Christian Blau          Viacheslav Bolnykh            Kevin Boyd        
    Aldert van Buuren          Carlo Camilloni           Rudi van Drunen      
      Anton Feenstra           Oliver Fleetwood            Vytas Gapsys       
       Gaurav Garg             Gerrit Groenhof            Bert de Groot       
      Anca Hamuraru           Vincent Hindriksen          Victor Holanda      
     M. Eric Irrgang           Aleksei Iupinov              Joe Jordan        
    Christoph Junghans        Prashanth Kanduri        Dimitrios Karkoulis    
       Peter Kasson             Sebastian Kehl           Sebastian Keller     
        Jiri Kraus               Per Larsson              Viveca Lindahl      
      Erik Marklund           Pieter Meulenhoff           Teemu Murtola       
       Julien Nabet              Sander Pronk             Roland Schulz       
      Alfons Sijbers         David van der Spoel          Peter Tieleman      
      Carsten Uphoff             Jon Vincent             Teemu Virolainen     
    Christian Wennberg     Sebastian Wingbermühle         Maarten Wolf       
      Artem Zhmurov       

                  Coordinated by the GROMACS project leaders:
                           Berk Hess and Erik Lindahl

GROMACS:      gmx mdrun, version 2026.0
Executable:   /usr/local/gromacs/bin/gmx
Data prefix:  /usr/local/gromacs
Working dir:  /home/ncku-che/ErnestHo_NCKU/Git/opc_relaxation
Process ID:   1466080
Command line:
  gmx mdrun -v -deffnm nvt_300K -nt 24 -nb gpu

GROMACS version:     2026.0
Precision:           mixed
Memory model:        64 bit
MPI library:         thread_mpi
MPI version:         built in
OpenMP support:      enabled (GMX_OPENMP_MAX_THREADS = 128)
GPU support:         CUDA
NBNxM GPU setup:     super-cluster 2x2x2 / cluster 8 (cluster-pair splitting on)
SIMD instructions:   AVX2_256
CPU FFT library:     fftw-3.3.10-sse2-avx-avx2-avx2_128
GPU FFT library:     cuFFT
Multi-GPU FFT:       none
RDTSCP:              enabled
TNG support:         enabled
Hwloc support:       disabled
Tracing support:     disabled
Colvars support:     enabled (version 2025-10-13)
CP2K support:        disabled
Torch support:       disabled
Plumed support:      enabled
C compiler:          /usr/bin/cc GNU 13.3.0
C compiler flags:    -fexcess-precision=fast -funroll-all-loops -mavx2 -mfma -Wno-missing-field-initializers -O3 -DNDEBUG
C++ compiler:        /usr/bin/c++ GNU 13.3.0
C++ compiler flags:  -fexcess-precision=fast -funroll-all-loops -mavx2 -mfma -Wno-missing-field-initializers -Wno-stringop-truncation -Wno-cast-function-type-strict SHELL:-fopenmp -O3 -DNDEBUG
BLAS library:        Internal
LAPACK library:      Internal
CUDA compiler:       /usr/local/cuda/bin/nvcc (NVIDIA 12.4.99)
CUDA compiler flags:  -D_FORCE_INLINES -O3 -DNDEBUG -use_fast_math -Xptxas=-warn-double-usage -Xptxas=-Werror -diag-suppress=177 -O3 -DNDEBUG
CUDA targets:        50;52-real;60-real;61-real;70-real;75-real;80-real;86-real;89-real;90
CUDA driver:         12.80
CUDA runtime:        12.40
NVSHMEM:             disabled


Running on 1 node with total 16 cores, 24 processing units, 1 compatible GPU
Hardware detected on host ncku-che-System-Product-Name:
  CPU info:
    Vendor: Intel
    Brand:  12th Gen Intel(R) Core(TM) i9-12900K
    Family: 6   Model: 151   Stepping: 2
    Features: aes apic avx avx2 clfsh cmov cx8 cx16 f16c fma htt intel lahf mmx msr nonstop_tsc pcid pclmuldq pdcm pdpe1gb popcnt pse rdrnd rdtscp sha sse2 sse3 sse4.1 sse4.2 ssse3 tdt x2apic
  Hardware topology: Basic
    Packages, cores, and logical processors:
    [indices refer to OS logical processors]
      Package  0: [   0   1] [   2   3] [   4   5] [   6   7] [   8   9] [  10  11] [  12  13] [  14  15] [  16] [  17] [  18] [  19] [  20] [  21] [  22] [  23]
    CPU limit set by OS: -1   Recommended max number of threads: 24
  GPU info:
    Number of GPUs detected: 1
    #0: NVIDIA NVIDIA GeForce RTX 3090 Ti, compute cap.: 8.6, ECC:  no, stat: compatible


++++ PLEASE READ AND CITE THE FOLLOWING REFERENCE ++++
M. J. Abraham, T. Murtola, R. Schulz, S. Páll, J. C. Smith, B. Hess, E.
Lindahl
GROMACS: High performance molecular simulations through multi-level
parallelism from laptops to supercomputers
SoftwareX (2015)
https://doi.org/10.1016/j.softx.2015.06.001
-------- -------- --- Thank You --- -------- --------


++++ PLEASE READ AND CITE THE FOLLOWING REFERENCE ++++
S. Páll, M. J. Abraham, C. Kutzner, B. Hess, E. Lindahl
Tackling Exascale Software Challenges in Molecular Dynamics Simulations with
GROMACS
In S. Markidis & E. Laure (Eds.), Solving Software Challenges for Exascale (2015)
https://doi.org/10.1007/978-3-319-15976-8_1
-------- -------- --- Thank You --- -------- --------


++++ PLEASE READ AND CITE THE FOLLOWING REFERENCE ++++
S. Pronk, S. Páll, R. Schulz, P. Larsson, P. Bjelkmar, R. Apostolov, M. R.
Shirts, J. C. Smith, P. M. Kasson, D. van der Spoel, B. Hess, E. Lindahl
GROMACS 4.5: a high-throughput and highly parallel open source molecular
simulation toolkit
Bioinformatics (2013)
https://doi.org/10.1093/bioinformatics/btt055
-------- -------- --- Thank You --- -------- --------


++++ PLEASE READ AND CITE THE FOLLOWING REFERENCE ++++
B. Hess, C. Kutzner, D. van der Spoel, E. Lindahl
GROMACS 4: Algorithms for highly efficient, load-balanced, and scalable
molecular simulation
J. Chem. Theory Comput. (2008)
https://doi.org/10.1021/ct700301q
-------- -------- --- Thank You --- -------- --------


++++ PLEASE READ AND CITE THE FOLLOWING REFERENCE ++++
D. van der Spoel, E. Lindahl, B. Hess, G. Groenhof, A. E. Mark, H. J. C.
Berendsen
GROMACS: Fast, Flexible and Free
J. Comp. Chem. (2005)
https://doi.org/10.1002/jcc.20291
-------- -------- --- Thank You --- -------- --------


++++ PLEASE READ AND CITE THE FOLLOWING REFERENCE ++++
E. Lindahl, B. Hess, D. van der Spoel
GROMACS 3.0: A package for molecular simulation and trajectory analysis
J. Mol. Mod. (2001)
https://doi.org/10.1007/s008940100045
-------- -------- --- Thank You --- -------- --------


++++ PLEASE READ AND CITE THE FOLLOWING REFERENCE ++++
H. J. C. Berendsen, D. van der Spoel and R. van Drunen
GROMACS: A message-passing parallel molecular dynamics implementation
Comp. Phys. Comm. (1995)
https://doi.org/10.1016/0010-4655(95)00042-E
-------- -------- --- Thank You --- -------- --------


++++ PLEASE CITE THE DOI FOR THIS VERSION OF GROMACS ++++
https://doi.org/10.5281/zenodo.18299929
-------- -------- --- Thank You --- -------- --------

Input Parameters:
   integrator                     = md
   tinit                          = 0
   dt                             = 0.002
   nsteps                         = 50000
   init-step                      = 0
   simulation-part                = 1
   mts                            = false
   mass-repartition-factor        = 1
   comm-mode                      = Linear
   nstcomm                        = 100
   bd-fric                        = 0
   ld-seed                        = -536904873
   emtol                          = 10
   emstep                         = 0.01
   niter                          = 20
   fcstep                         = 0
   nstcgsteep                     = 1000
   nbfgscorr                      = 10
   rtpi                           = 0.05
   nstxout                        = 500
   nstvout                        = 500
   nstfout                        = 0
   nstlog                         = 500
   nstcalcenergy                  = 100
   nstenergy                      = 500
   nstxout-compressed             = 0
   compressed-x-precision         = 1000
   cutoff-scheme                  = Verlet
   nstlist                        = 10
   pbc                            = xyz
   periodic-molecules             = false
   verlet-buffer-tolerance        = 0.005
   verlet-buffer-pressure-tolerance = 0.5
   rlist                          = 1.008
   coulombtype                    = PME
   coulomb-modifier               = Potential-shift
   rcoulomb-switch                = 0
   rcoulomb                       = 1
   epsilon-r                      = 1
   epsilon-rf                     = inf
   vdw-type                       = Cut-off
   vdw-modifier                   = Potential-shift
   rvdw-switch                    = 0
   rvdw                           = 1
   DispCorr                       = EnerPres
   table-extension                = 1
   fourierspacing                 = 0.16
   fourier-nx                     = 24
   fourier-ny                     = 24
   fourier-nz                     = 24
   pme-order                      = 4
   ewald-rtol                     = 1e-05
   ewald-rtol-lj                  = 0.001
   lj-pme-comb-rule               = Geometric
   ewald-geometry                 = 3d
   epsilon-surface                = 0
   ensemble-temperature-setting   = constant
   ensemble-temperature           = 300
   tcoupl                         = V-rescale
   nsttcouple                     = 10
   nh-chain-length                = 0
   print-nose-hoover-chain-variables = false
   pcoupl                         = No
   refcoord-scaling               = No
   posres-com: not available
   posres-comB: not available
   QMMM                           = false
qm-opts:
   ngQM                           = 0
   constraint-algorithm           = Lincs
   continuation                   = false
   Shake-SOR                      = false
   shake-tol                      = 0.0001
   lincs-order                    = 4
   lincs-iter                     = 1
   lincs-warnangle                = 30
   nwall                          = 0
   wall-type                      = 9-3
   wall-r-linpot                  = -1
   wall-atomtype[0]               = -1
   wall-atomtype[1]               = -1
   wall-density[0]                = 0
   wall-density[1]                = 0
   wall-ewald-zfac                = 3
   pull                           = false
   awh                            = false
   rotation                       = false
   interactiveMD                  = false
   disre                          = No
   disre-weighting                = Conservative
   disre-mixed                    = false
   dr-fc                          = 1000
   dr-tau                         = 0
   nstdisreout                    = 100
   orire-fc                       = 0
   orire-tau                      = 0
   nstorireout                    = 100
   free-energy                    = no
   cos-acceleration               = 0
   deform (3x3):
      deform[    0]={ 0.00000e+00,  0.00000e+00,  0.00000e+00}
      deform[    1]={ 0.00000e+00,  0.00000e+00,  0.00000e+00}
      deform[    2]={ 0.00000e+00,  0.00000e+00,  0.00000e+00}
   simulated-tempering            = false
   swapcoords                     = no
   userint1                       = 0
   userint2                       = 0
   userint3                       = 0
   userint4                       = 0
   userreal1                      = 0
   userreal2                      = 0
   userreal3                      = 0
   userreal4                      = 0
   applied-forces:
     electric-field:
       x:
         E0                       = 0
         omega                    = 0
         t0                       = 0
         sigma                    = 0
       y:
         E0                       = 0
         omega                    = 0
         t0                       = 0
         sigma                    = 0
       z:
         E0                       = 0
         omega                    = 0
         t0                       = 0
         sigma                    = 0
     density-guided-simulation:
       active                     = false
       group                      = protein
       similarity-measure         = inner-product
       atom-spreading-weight      = unity
       force-constant             = 1e+09
       gaussian-transform-spreading-width = 0.2
       gaussian-transform-spreading-range-in-multiples-of-width = 4
       reference-density-filename = reference.mrc
       nst                        = 1
       normalize-densities        = true
       adaptive-force-scaling     = false
       adaptive-force-scaling-time-constant = 4
       shift-vector               = 
       transformation-matrix      = 
     qmmm-cp2k:
       active                     = false
       qmgroup                    = System
       qmmethod                   = PBE
       qmfilenames                = 
       qmcharge                   = 0
       qmmultiplicity             = 1
     colvars:
       active                     = false
       configfile                 = 
       seed                       = -1
     nnpot:
       active                     = false
       modelfile                  = model.pt
       input-group                = System
       link-type                  = H
       link-distance              = 0.1
       pair-cutoff                = 0
       embedding                  = mechanical
       nnp-charge                 = 0
       model-input1               = 
       model-input2               = 
       model-input3               = 
       model-input4               = 
       model-input5               = 
       model-input6               = 
       model-input7               = 
       model-input8               = 
       model-input9               = 
   fast-multipole-method:
     fmm:
       backend                    = inactive
       exafmm-order               = 6
       exafmm-direct-range        = 2
       exafmm-direct-provider     = GROMACS
       exafmm-tree-type           = uniform
       exafmm-tree-depth          = 0
       exafmm-max-particles-per-cell = 0
       fmsolvr-order              = 8
       fmsolvr-direct-range       = 1
       fmsolvr-direct-provider    = FMM
       fmsolvr-dipole-compensation = true
       fmsolvr-tree-depth         = 3
       fmsolvr-sparse             = false
grpopts:
   nrdf:        1293
   ref-t:         300
   tau-t:         0.1
annealing:          No
annealing-npoints:           0
   acc:	           0           0           0
   nfreeze:           N           N           N
   energygrp-flags[  0]: 0

Changing nstlist from 10 to 100, rlist from 1.008 to 1.192

When checking whether update groups are usable:
  Domain decomposition is not active, so there is no need for update groups

Update task can not run on the GPU, because the following condition(s) were not satisfied:
  Virtual sites are not supported.

Local state does not use filler particles

1 GPU selected for this run.
Mapping of GPU IDs to the 2 GPU tasks in the 1 rank on this node:
  PP:0,PME:0
PP tasks will do non-perturbed short-ranged interactions on the GPU
PP task will update and constrain coordinates on the CPU
PME tasks will do all aspects on the GPU
Using 1 MPI thread
Using 24 OpenMP threads 

System total charge: 0.000
Will do PME sum in reciprocal space for electrostatic interactions.

++++ PLEASE READ AND CITE THE FOLLOWING REFERENCE ++++
U. Essmann, L. Perera, M. L. Berkowitz, T. Darden, H. Lee, L. G. Pedersen 
A smooth particle mesh Ewald method
J. Chem. Phys. (1995)
https://doi.org/10.1063/1.470117
-------- -------- --- Thank You --- -------- --------

Using a Gaussian width (1/beta) of 0.320163 nm for Ewald
Potential shift: LJ r^-12: -1.000e+00 r^-6: -1.000e+00, Ewald -1.000e-05
Initialized non-bonded Coulomb Ewald tables, spacing: 9.33e-04 size: 1073

Long Range LJ corr.: <C6> 2.2440e-04


Using GPU 8x4 nonbonded short-range kernels

NBNxM GPU setup: super-cluster 2x2x2

Using a dual 8x4 pair-list setup updated with dynamic, rolling pruning:
  outer list: updated every 100 steps, buffer 0.192 nm, rlist 1.192 nm
  inner list: updated every   6 steps, buffer 0.001 nm, rlist 1.001 nm
At tolerance 0.005 kJ/mol/ps per atom, equivalent classical 1x1 list would be:
  outer list: updated every 100 steps, buffer 0.326 nm, rlist 1.326 nm
  inner list: updated every   6 steps, buffer 0.025 nm, rlist 1.025 nm

The average pressure is off by at most 0.30 bar due to missing LJ interactions

Using Geometric Lennard-Jones combination rule
Removing pbc first time

Pinning threads with an auto-selected logical cpu stride of 1

++++ PLEASE READ AND CITE THE FOLLOWING REFERENCE ++++
S. Miyamoto, P. A. Kollman
SETTLE: An Analytical Version of the SHAKE and RATTLE Algorithms for Rigid
Water Models
J. Comp. Chem. (1992)
https://doi.org/10.1002/jcc.540130805
-------- -------- --- Thank You --- -------- --------


++++ PLEASE READ AND CITE THE FOLLOWING REFERENCE ++++
G. Bussi, D. Donadio, M. Parrinello
Canonical sampling through velocity rescaling
J. Chem. Phys. (2007)
https://doi.org/10.1063/1.2408420
-------- -------- --- Thank You --- -------- --------

There are: 648 Atoms
There are: 216 VSites

Constraining the starting coordinates (step 0)

Constraining the coordinates at t0-dt (step 0)
Center of mass motion removal mode is Linear
We have the following groups for center of mass motion removal:
  0:  rest
RMS relative constraint deviation after constraining: 0.00e+00
Initial temperature: 291.904 K

Started mdrun on rank 0 Thu Apr  2 23:10:01 2026

           Step           Time
              0        0.00000

   Energies (kJ/mol)
        LJ (SR)  Disper. corr.   Coulomb (SR)   Coul. recip.      Potential
    1.19799e+03   -1.53043e+01   -5.07427e+03    4.34244e+02   -3.45734e+03
    Kinetic En.   Total Energy  Conserved En.    Temperature Pres. DC (bar)
    1.59510e+03   -1.86223e+03   -1.86223e+03    2.96747e+02   -5.61333e+00
 Pressure (bar)
    2.04833e+03

           Step           Time
            500        1.00000

   Energies (kJ/mol)
        LJ (SR)  Disper. corr.   Coulomb (SR)   Coul. recip.      Potential
    1.59792e+03   -1.53043e+01   -1.09459e+04    1.97764e+02   -9.16549e+03
    Kinetic En.   Total Energy  Conserved En.    Temperature Pres. DC (bar)
    1.58980e+03   -7.57569e+03   -1.85964e+03    2.95760e+02   -5.61333e+00
 Pressure (bar)
    9.02716e+01

           Step           Time
           1000        2.00000

   Energies (kJ/mol)
        LJ (SR)  Disper. corr.   Coulomb (SR)   Coul. recip.      Potential
    1.68257e+03   -1.53043e+01   -1.14891e+04    1.59692e+02   -9.66212e+03
    Kinetic En.   Total Energy  Conserved En.    Temperature Pres. DC (bar)
    1.60161e+03   -8.06051e+03   -1.86019e+03    2.97957e+02   -5.61333e+00
 Pressure (bar)
    8.79012e-01

           Step           Time
           1500        3.00000

   Energies (kJ/mol)
        LJ (SR)  Disper. corr.   Coulomb (SR)   Coul. recip.      Potential
    1.80166e+03   -1.53043e+01   -1.17596e+04    1.51776e+02   -9.82145e+03
    Kinetic En.   Total Energy  Conserved En.    Temperature Pres. DC (bar)
    1.60200e+03   -8.21946e+03   -1.85942e+03    2.98030e+02   -5.61333e+00
 Pressure (bar)
    1.06707e+02

           Step           Time
           2000        4.00000

   Energies (kJ/mol)
        LJ (SR)  Disper. corr.   Coulomb (SR)   Coul. recip.      Potential
    1.75826e+03   -1.53043e+01   -1.16679e+04    1.26414e+02   -9.79848e+03
    Kinetic En.   Total Energy  Conserved En.    Temperature Pres. DC (bar)
    1.51828e+03   -8.28021e+03   -1.86067e+03    2.82454e+02   -5.61333e+00
 Pressure (bar)
    1.48376e+01

           Step           Time
           2500        5.00000

   Energies (kJ/mol)
        LJ (SR)  Disper. corr.   Coulomb (SR)   Coul. recip.      Potential
    1.54723e+03   -1.53043e+01   -1.14697e+04    1.65437e+02   -9.77234e+03
    Kinetic En.   Total Energy  Conserved En.    Temperature Pres. DC (bar)
    1.65734e+03   -8.11500e+03   -1.86173e+03    3.08325e+02   -5.61333e+00
 Pressure (bar)
   -1.93061e+02

           Step           Time
           3000        6.00000

   Energies (kJ/mol)
        LJ (SR)  Disper. corr.   Coulomb (SR)   Coul. recip.      Potential
    1.62501e+03   -1.53043e+01   -1.14900e+04    1.44378e+02   -9.73588e+03
    Kinetic En.   Total Energy  Conserved En.    Temperature Pres. DC (bar)
    1.60042e+03   -8.13546e+03   -1.85602e+03    2.97737e+02   -5.61333e+00
 Pressure (bar)
   -4.69312e+01

           Step           Time
           3500        7.00000

   Energies (kJ/mol)
        LJ (SR)  Disper. corr.   Coulomb (SR)   Coul. recip.      Potential
    1.65150e+03   -1.53043e+01   -1.16321e+04    1.49440e+02   -9.84647e+03
    Kinetic En.   Total Energy  Conserved En.    Temperature Pres. DC (bar)
    1.64978e+03   -8.19669e+03   -1.85803e+03    3.06919e+02   -5.61333e+00
 Pressure (bar)
   -6.78536e+01

           Step           Time
           4000        8.00000

   Energies (kJ/mol)
        LJ (SR)  Disper. corr.   Coulomb (SR)   Coul. recip.      Potential
    1.55435e+03   -1.53043e+01   -1.15864e+04    1.46346e+02   -9.90102e+03
    Kinetic En.   Total Energy  Conserved En.    Temperature Pres. DC (bar)
    1.57509e+03   -8.32593e+03   -1.85878e+03    2.93024e+02   -5.61333e+00
 Pressure (bar)
   -2.28339e+02

           Step           Time
           4500        9.00000

   Energies (kJ/mol)
        LJ (SR)  Disper. corr.   Coulomb (SR)   Coul. recip.      Potential
    1.71821e+03   -1.53043e+01   -1.15985e+04    1.48428e+02   -9.74720e+03
    Kinetic En.   Total Energy  Conserved En.    Temperature Pres. DC (bar)
    1.64445e+03   -8.10274e+03   -1.85567e+03    3.05927e+02   -5.61333e+00
 Pressure (bar)
    7.18088e+00

           Step           Time
           5000       10.00000

   Energies (kJ/mol)
        LJ (SR)  Disper. corr.   Coulomb (SR)   Coul. recip.      Potential
    1.73022e+03   -1.53043e+01   -1.16066e+04    1.52317e+02   -9.73936e+03
    Kinetic En.   Total Energy  Conserved En.    Temperature Pres. DC (bar)
    1.56862e+03   -8.17074e+03   -1.85499e+03    2.91820e+02   -5.61333e+00
 Pressure (bar)
    1.46206e+02

           Step           Time
           5500       11.00000

   Energies (kJ/mol)
        LJ (SR)  Disper. corr.   Coulomb (SR)   Coul. recip.      Potential
    1.65672e+03   -1.53043e+01   -1.14927e+04    1.52317e+02   -9.69898e+03
    Kinetic En.   Total Energy  Conserved En.    Temperature Pres. DC (bar)
    1.52204e+03   -8.17694e+03   -1.85639e+03    2.83154e+02   -5.61333e+00
 Pressure (bar)
   -5.80298e+01

           Step           Time
           6000       12.00000

   Energies (kJ/mol)
        LJ (SR)  Disper. corr.   Coulomb (SR)   Coul. recip.      Potential
    1.62607e+03   -1.53043e+01   -1.16000e+04    1.48778e+02   -9.84044e+03
    Kinetic En.   Total Energy  Conserved En.    Temperature Pres. DC (bar)
    1.64580e+03   -8.19465e+03   -1.85820e+03    3.06178e+02   -5.61333e+00
 Pressure (bar)
   -9.38347e+01

           Step           Time
           6500       13.00000

   Energies (kJ/mol)
        LJ (SR)  Disper. corr.   Coulomb (SR)   Coul. recip.      Potential
    1.75518e+03   -1.53043e+01   -1.17147e+04    1.57249e+02   -9.81754e+03
    Kinetic En.   Total Energy  Conserved En.    Temperature Pres. DC (bar)
    1.61227e+03   -8.20528e+03   -1.85808e+03    2.99940e+02   -5.61333e+00
 Pressure (bar)
    9.16572e+01

           Step           Time
           7000       14.00000

   Energies (kJ/mol)
        LJ (SR)  Disper. corr.   Coulomb (SR)   Coul. recip.      Potential
    1.53960e+03   -1.53043e+01   -1.14568e+04    1.44586e+02   -9.78791e+03
    Kinetic En.   Total Energy  Conserved En.    Temperature Pres. DC (bar)
    1.58469e+03   -8.20322e+03   -1.85842e+03    2.94809e+02   -5.61333e+00
 Pressure (bar)
   -2.33941e+02

           Step           Time
           7500       15.00000

   Energies (kJ/mol)
        LJ (SR)  Disper. corr.   Coulomb (SR)   Coul. recip.      Potential
    1.80372e+03   -1.53043e+01   -1.18769e+04    1.69559e+02   -9.91894e+03
    Kinetic En.   Total Energy  Conserved En.    Temperature Pres. DC (bar)
    1.65192e+03   -8.26702e+03   -1.85612e+03    3.07317e+02   -5.61333e+00
 Pressure (bar)
    1.45976e+02

           Step           Time
           8000       16.00000

   Energies (kJ/mol)
        LJ (SR)  Disper. corr.   Coulomb (SR)   Coul. recip.      Potential
    1.74256e+03   -1.53043e+01   -1.17067e+04    1.30206e+02   -9.84929e+03
    Kinetic En.   Total Energy  Conserved En.    Temperature Pres. DC (bar)
    1.67751e+03   -8.17178e+03   -1.85484e+03    3.12077e+02   -5.61333e+00
 Pressure (bar)
    5.45578e+01

           Step           Time
           8500       17.00000

   Energies (kJ/mol)
        LJ (SR)  Disper. corr.   Coulomb (SR)   Coul. recip.      Potential
    1.77915e+03   -1.53043e+01   -1.17283e+04    1.52374e+02   -9.81203e+03
    Kinetic En.   Total Energy  Conserved En.    Temperature Pres. DC (bar)
    1.61293e+03   -8.19911e+03   -1.85653e+03    3.00062e+02   -5.61333e+00
 Pressure (bar)
    7.33765e+01

           Step           Time
           9000       18.00000

   Energies (kJ/mol)
        LJ (SR)  Disper. corr.   Coulomb (SR)   Coul. recip.      Potential
    1.60331e+03   -1.53043e+01   -1.17401e+04    1.68832e+02   -9.98326e+03
    Kinetic En.   Total Energy  Conserved En.    Temperature Pres. DC (bar)
    1.63197e+03   -8.35129e+03   -1.85691e+03    3.03605e+02   -5.61333e+00
 Pressure (bar)
   -1.40591e+02

           Step           Time
           9500       19.00000

   Energies (kJ/mol)
        LJ (SR)  Disper. corr.   Coulomb (SR)   Coul. recip.      Potential
    1.72841e+03   -1.53043e+01   -1.17511e+04    1.77033e+02   -9.86096e+03
    Kinetic En.   Total Energy  Conserved En.    Temperature Pres. DC (bar)
    1.67710e+03   -8.18386e+03   -1.85537e+03    3.12001e+02   -5.61333e+00
 Pressure (bar)
   -1.46194e+01

           Step           Time
          10000       20.00000

   Energies (kJ/mol)
        LJ (SR)  Disper. corr.   Coulomb (SR)   Coul. recip.      Potential
    1.72179e+03   -1.53043e+01   -1.17070e+04    1.51655e+02   -9.84883e+03
    Kinetic En.   Total Energy  Conserved En.    Temperature Pres. DC (bar)
    1.69483e+03   -8.15400e+03   -1.85730e+03    3.15299e+02   -5.61333e+00
 Pressure (bar)
    1.29884e+02

           Step           Time
          10500       21.00000

   Energies (kJ/mol)
        LJ (SR)  Disper. corr.   Coulomb (SR)   Coul. recip.      Potential
    1.71608e+03   -1.53043e+01   -1.16571e+04    1.40516e+02   -9.81583e+03
    Kinetic En.   Total Energy  Conserved En.    Temperature Pres. DC (bar)
    1.62405e+03   -8.19178e+03   -1.85589e+03    3.02132e+02   -5.61333e+00
 Pressure (bar)
    5.89851e+01

           Step           Time
          11000       22.00000

   Energies (kJ/mol)
        LJ (SR)  Disper. corr.   Coulomb (SR)   Coul. recip.      Potential
    1.71391e+03   -1.53043e+01   -1.17495e+04    1.56399e+02   -9.89447e+03
    Kinetic En.   Total Energy  Conserved En.    Temperature Pres. DC (bar)
    1.49321e+03   -8.40126e+03   -1.85375e+03    2.77791e+02   -5.61333e+00
 Pressure (bar)
    2.39472e+01

           Step           Time
          11500       23.00000

   Energies (kJ/mol)
        LJ (SR)  Disper. corr.   Coulomb (SR)   Coul. recip.      Potential
    1.67488e+03   -1.53043e+01   -1.15735e+04    1.69736e+02   -9.74414e+03
    Kinetic En.   Total Energy  Conserved En.    Temperature Pres. DC (bar)
    1.55154e+03   -8.19260e+03   -1.85338e+03    2.88643e+02   -5.61333e+00
 Pressure (bar)
   -1.08132e+01

           Step           Time
          12000       24.00000

   Energies (kJ/mol)
        LJ (SR)  Disper. corr.   Coulomb (SR)   Coul. recip.      Potential
    1.74603e+03   -1.53043e+01   -1.16966e+04    1.49680e+02   -9.81623e+03
    Kinetic En.   Total Energy  Conserved En.    Temperature Pres. DC (bar)
    1.68158e+03   -8.13465e+03   -1.85635e+03    3.12835e+02   -5.61333e+00
 Pressure (bar)
    4.44865e+01

           Step           Time
          12500       25.00000

   Energies (kJ/mol)
        LJ (SR)  Disper. corr.   Coulomb (SR)   Coul. recip.      Potential
    1.65315e+03   -1.53043e+01   -1.16094e+04    1.59787e+02   -9.81180e+03
    Kinetic En.   Total Energy  Conserved En.    Temperature Pres. DC (bar)
    1.55789e+03   -8.25391e+03   -1.85378e+03    2.89824e+02   -5.61333e+00
 Pressure (bar)
    9.82003e+00

           Step           Time
          13000       26.00000

   Energies (kJ/mol)
        LJ (SR)  Disper. corr.   Coulomb (SR)   Coul. recip.      Potential
    1.71068e+03   -1.53043e+01   -1.18324e+04    1.48005e+02   -9.98906e+03
    Kinetic En.   Total Energy  Conserved En.    Temperature Pres. DC (bar)
    1.55829e+03   -8.43076e+03   -1.85486e+03    2.89899e+02   -5.61333e+00
 Pressure (bar)
    2.72579e+01

           Step           Time
          13500       27.00000

   Energies (kJ/mol)
        LJ (SR)  Disper. corr.   Coulomb (SR)   Coul. recip.      Potential
    1.84100e+03   -1.53043e+01   -1.18663e+04    1.56848e+02   -9.88371e+03
    Kinetic En.   Total Energy  Conserved En.    Temperature Pres. DC (bar)
    1.59572e+03   -8.28799e+03   -1.85390e+03    2.96861e+02   -5.61333e+00
 Pressure (bar)
    1.89305e+02

           Step           Time
          14000       28.00000

   Energies (kJ/mol)
        LJ (SR)  Disper. corr.   Coulomb (SR)   Coul. recip.      Potential
    1.78080e+03   -1.53043e+01   -1.17023e+04    1.53688e+02   -9.78316e+03
    Kinetic En.   Total Energy  Conserved En.    Temperature Pres. DC (bar)
    1.61924e+03   -8.16392e+03   -1.85396e+03    3.01236e+02   -5.61333e+00
 Pressure (bar)
    1.23791e+02

           Step           Time
          14500       29.00000

   Energies (kJ/mol)
        LJ (SR)  Disper. corr.   Coulomb (SR)   Coul. recip.      Potential
    1.86367e+03   -1.53043e+01   -1.17592e+04    1.59323e+02   -9.75155e+03
    Kinetic En.   Total Energy  Conserved En.    Temperature Pres. DC (bar)
    1.70117e+03   -8.05038e+03   -1.85353e+03    3.16479e+02   -5.61333e+00
 Pressure (bar)
    2.64618e+02

           Step           Time
          15000       30.00000

   Energies (kJ/mol)
        LJ (SR)  Disper. corr.   Coulomb (SR)   Coul. recip.      Potential
    1.60141e+03   -1.53043e+01   -1.15070e+04    1.47379e+02   -9.77350e+03
    Kinetic En.   Total Energy  Conserved En.    Temperature Pres. DC (bar)
    1.67759e+03   -8.09591e+03   -1.85696e+03    3.12092e+02   -5.61333e+00
 Pressure (bar)
   -1.73186e+02

           Step           Time
          15500       31.00000

   Energies (kJ/mol)
        LJ (SR)  Disper. corr.   Coulomb (SR)   Coul. recip.      Potential
    1.74476e+03   -1.53043e+01   -1.16854e+04    1.76739e+02   -9.77919e+03
    Kinetic En.   Total Energy  Conserved En.    Temperature Pres. DC (bar)
    1.57110e+03   -8.20810e+03   -1.85450e+03    2.92281e+02   -5.61333e+00
 Pressure (bar)
   -4.26572e-01

           Step           Time
          16000       32.00000

   Energies (kJ/mol)
        LJ (SR)  Disper. corr.   Coulomb (SR)   Coul. recip.      Potential
    1.63096e+03   -1.53043e+01   -1.15051e+04    1.58612e+02   -9.73086e+03
    Kinetic En.   Total Energy  Conserved En.    Temperature Pres. DC (bar)
    1.43411e+03   -8.29675e+03   -1.85593e+03    2.66796e+02   -5.61333e+00
 Pressure (bar)
   -7.56692e+01

           Step           Time
          16500       33.00000

   Energies (kJ/mol)
        LJ (SR)  Disper. corr.   Coulomb (SR)   Coul. recip.      Potential
    1.71332e+03   -1.53043e+01   -1.15837e+04    1.52288e+02   -9.73339e+03
    Kinetic En.   Total Energy  Conserved En.    Temperature Pres. DC (bar)
    1.61115e+03   -8.12224e+03   -1.85781e+03    2.99732e+02   -5.61333e+00
 Pressure (bar)
    1.13544e+02

           Step           Time
          17000       34.00000

   Energies (kJ/mol)
        LJ (SR)  Disper. corr.   Coulomb (SR)   Coul. recip.      Potential
    1.60115e+03   -1.53043e+01   -1.13294e+04    1.48823e+02   -9.59471e+03
    Kinetic En.   Total Energy  Conserved En.    Temperature Pres. DC (bar)
    1.55210e+03   -8.04261e+03   -1.85830e+03    2.88746e+02   -5.61333e+00
 Pressure (bar)
   -5.51375e+01

           Step           Time
          17500       35.00000

   Energies (kJ/mol)
        LJ (SR)  Disper. corr.   Coulomb (SR)   Coul. recip.      Potential
    1.77948e+03   -1.53043e+01   -1.16990e+04    1.32513e+02   -9.80226e+03
    Kinetic En.   Total Energy  Conserved En.    Temperature Pres. DC (bar)
    1.66823e+03   -8.13403e+03   -1.85729e+03    3.10350e+02   -5.61333e+00
 Pressure (bar)
    7.53743e+01

           Step           Time
          18000       36.00000

   Energies (kJ/mol)
        LJ (SR)  Disper. corr.   Coulomb (SR)   Coul. recip.      Potential
    1.84278e+03   -1.53043e+01   -1.19171e+04    1.61926e+02   -9.92775e+03
    Kinetic En.   Total Energy  Conserved En.    Temperature Pres. DC (bar)
    1.58925e+03   -8.33850e+03   -1.85869e+03    2.95658e+02   -5.61333e+00
 Pressure (bar)
    1.15825e+02

           Step           Time
          18500       37.00000

   Energies (kJ/mol)
        LJ (SR)  Disper. corr.   Coulomb (SR)   Coul. recip.      Potential
    1.76474e+03   -1.53043e+01   -1.17227e+04    1.54183e+02   -9.81907e+03
    Kinetic En.   Total Energy  Conserved En.    Temperature Pres. DC (bar)
    1.51836e+03   -8.30071e+03   -1.85734e+03    2.82471e+02   -5.61333e+00
 Pressure (bar)
    3.67419e+01

           Step           Time
          19000       38.00000

   Energies (kJ/mol)
        LJ (SR)  Disper. corr.   Coulomb (SR)   Coul. recip.      Potential
    1.77853e+03   -1.53043e+01   -1.17934e+04    1.47151e+02   -9.88304e+03
    Kinetic En.   Total Energy  Conserved En.    Temperature Pres. DC (bar)
    1.62537e+03   -8.25767e+03   -1.85708e+03    3.02378e+02   -5.61333e+00
 Pressure (bar)
    4.58847e+01

           Step           Time
          19500       39.00000

   Energies (kJ/mol)
        LJ (SR)  Disper. corr.   Coulomb (SR)   Coul. recip.      Potential
    1.54617e+03   -1.53043e+01   -1.15672e+04    1.59989e+02   -9.87632e+03
    Kinetic En.   Total Energy  Conserved En.    Temperature Pres. DC (bar)
    1.51475e+03   -8.36156e+03   -1.85489e+03    2.81799e+02   -5.61333e+00
 Pressure (bar)
   -2.49131e+02

           Step           Time
          20000       40.00000

   Energies (kJ/mol)
        LJ (SR)  Disper. corr.   Coulomb (SR)   Coul. recip.      Potential
    1.66500e+03   -1.53043e+01   -1.17046e+04    1.56929e+02   -9.89793e+03
    Kinetic En.   Total Energy  Conserved En.    Temperature Pres. DC (bar)
    1.78712e+03   -8.11081e+03   -1.85713e+03    3.32469e+02   -5.61333e+00
 Pressure (bar)
   -1.01320e+02

           Step           Time
          20500       41.00000

   Energies (kJ/mol)
        LJ (SR)  Disper. corr.   Coulomb (SR)   Coul. recip.      Potential
    1.60711e+03   -1.53043e+01   -1.15303e+04    1.58639e+02   -9.77985e+03
    Kinetic En.   Total Energy  Conserved En.    Temperature Pres. DC (bar)
    1.66623e+03   -8.11362e+03   -1.85492e+03    3.09980e+02   -5.61333e+00
 Pressure (bar)
   -1.24323e+02

           Step           Time
          21000       42.00000

   Energies (kJ/mol)
        LJ (SR)  Disper. corr.   Coulomb (SR)   Coul. recip.      Potential
    1.76793e+03   -1.53043e+01   -1.18567e+04    1.33826e+02   -9.97024e+03
    Kinetic En.   Total Energy  Conserved En.    Temperature Pres. DC (bar)
    1.50735e+03   -8.46289e+03   -1.85519e+03    2.80422e+02   -5.61333e+00
 Pressure (bar)
    7.28472e+01

           Step           Time
          21500       43.00000

   Energies (kJ/mol)
        LJ (SR)  Disper. corr.   Coulomb (SR)   Coul. recip.      Potential
    1.69273e+03   -1.53043e+01   -1.15659e+04    1.49293e+02   -9.73915e+03
    Kinetic En.   Total Energy  Conserved En.    Temperature Pres. DC (bar)
    1.60674e+03   -8.13241e+03   -1.85591e+03    2.98912e+02   -5.61333e+00
 Pressure (bar)
    5.81478e+00

           Step           Time
          22000       44.00000

   Energies (kJ/mol)
        LJ (SR)  Disper. corr.   Coulomb (SR)   Coul. recip.      Potential
    1.69126e+03   -1.53043e+01   -1.16597e+04    1.70711e+02   -9.81302e+03
    Kinetic En.   Total Energy  Conserved En.    Temperature Pres. DC (bar)
    1.59645e+03   -8.21657e+03   -1.85614e+03    2.96998e+02   -5.61333e+00
 Pressure (bar)
   -1.99367e+01

           Step           Time
          22500       45.00000

   Energies (kJ/mol)
        LJ (SR)  Disper. corr.   Coulomb (SR)   Coul. recip.      Potential
    1.62359e+03   -1.53043e+01   -1.13960e+04    1.42319e+02   -9.64540e+03
    Kinetic En.   Total Energy  Conserved En.    Temperature Pres. DC (bar)
    1.62744e+03   -8.01796e+03   -1.85521e+03    3.02763e+02   -5.61333e+00
 Pressure (bar)
   -3.33447e+01

           Step           Time
          23000       46.00000

   Energies (kJ/mol)
        LJ (SR)  Disper. corr.   Coulomb (SR)   Coul. recip.      Potential
    1.48398e+03   -1.53043e+01   -1.14290e+04    1.47450e+02   -9.81285e+03
    Kinetic En.   Total Energy  Conserved En.    Temperature Pres. DC (bar)
    1.65795e+03   -8.15489e+03   -1.85669e+03    3.08439e+02   -5.61333e+00
 Pressure (bar)
   -2.30531e+02

           Step           Time
          23500       47.00000

   Energies (kJ/mol)
        LJ (SR)  Disper. corr.   Coulomb (SR)   Coul. recip.      Potential
    1.75208e+03   -1.53043e+01   -1.17048e+04    1.46508e+02   -9.82147e+03
    Kinetic En.   Total Energy  Conserved En.    Temperature Pres. DC (bar)
    1.67759e+03   -8.14389e+03   -1.85571e+03    3.12092e+02   -5.61333e+00
 Pressure (bar)
    7.83604e+01

           Step           Time
          24000       48.00000

   Energies (kJ/mol)
        LJ (SR)  Disper. corr.   Coulomb (SR)   Coul. recip.      Potential
    1.48973e+03   -1.53043e+01   -1.12717e+04    1.88361e+02   -9.60892e+03
    Kinetic En.   Total Energy  Conserved En.    Temperature Pres. DC (bar)
    1.66979e+03   -7.93913e+03   -1.85728e+03    3.10641e+02   -5.61333e+00
 Pressure (bar)
   -2.25256e+02

           Step           Time
          24500       49.00000

   Energies (kJ/mol)
        LJ (SR)  Disper. corr.   Coulomb (SR)   Coul. recip.      Potential
    1.71826e+03   -1.53043e+01   -1.15605e+04    1.18828e+02   -9.73873e+03
    Kinetic En.   Total Energy  Conserved En.    Temperature Pres. DC (bar)
    1.71152e+03   -8.02721e+03   -1.85634e+03    3.18404e+02   -5.61333e+00
 Pressure (bar)
    3.67739e+01

           Step           Time
          25000       50.00000

   Energies (kJ/mol)
        LJ (SR)  Disper. corr.   Coulomb (SR)   Coul. recip.      Potential
    1.69668e+03   -1.53043e+01   -1.13635e+04    1.39949e+02   -9.54221e+03
    Kinetic En.   Total Energy  Conserved En.    Temperature Pres. DC (bar)
    1.62868e+03   -7.91353e+03   -1.85624e+03    3.02993e+02   -5.61333e+00
 Pressure (bar)
    8.05715e+01

           Step           Time
          25500       51.00000

   Energies (kJ/mol)
        LJ (SR)  Disper. corr.   Coulomb (SR)   Coul. recip.      Potential
    1.64595e+03   -1.53043e+01   -1.16407e+04    1.61066e+02   -9.84897e+03
    Kinetic En.   Total Energy  Conserved En.    Temperature Pres. DC (bar)
    1.72693e+03   -8.12204e+03   -1.85691e+03    3.21271e+02   -5.61333e+00
 Pressure (bar)
   -2.86764e+00

           Step           Time
          26000       52.00000

   Energies (kJ/mol)
        LJ (SR)  Disper. corr.   Coulomb (SR)   Coul. recip.      Potential
    1.73737e+03   -1.53043e+01   -1.17137e+04    1.55600e+02   -9.83603e+03
    Kinetic En.   Total Energy  Conserved En.    Temperature Pres. DC (bar)
    1.62299e+03   -8.21304e+03   -1.85777e+03    3.01935e+02   -5.61333e+00
 Pressure (bar)
    6.90620e+01

           Step           Time
          26500       53.00000

   Energies (kJ/mol)
        LJ (SR)  Disper. corr.   Coulomb (SR)   Coul. recip.      Potential
    1.81843e+03   -1.53043e+01   -1.18468e+04    1.56887e+02   -9.88683e+03
    Kinetic En.   Total Energy  Conserved En.    Temperature Pres. DC (bar)
    1.67045e+03   -8.21637e+03   -1.85760e+03    3.10765e+02   -5.61333e+00
 Pressure (bar)
    1.57911e+02

           Step           Time
          27000       54.00000

   Energies (kJ/mol)
        LJ (SR)  Disper. corr.   Coulomb (SR)   Coul. recip.      Potential
    1.74874e+03   -1.53043e+01   -1.16310e+04    1.66399e+02   -9.73120e+03
    Kinetic En.   Total Energy  Conserved En.    Temperature Pres. DC (bar)
    1.53171e+03   -8.19949e+03   -1.85468e+03    2.84954e+02   -5.61333e+00
 Pressure (bar)
    1.10044e+01

           Step           Time
          27500       55.00000

   Energies (kJ/mol)
        LJ (SR)  Disper. corr.   Coulomb (SR)   Coul. recip.      Potential
    1.69037e+03   -1.53043e+01   -1.15783e+04    1.32837e+02   -9.77039e+03
    Kinetic En.   Total Energy  Conserved En.    Temperature Pres. DC (bar)
    1.54493e+03   -8.22546e+03   -1.85430e+03    2.87412e+02   -5.61333e+00
 Pressure (bar)
   -5.40133e+01

           Step           Time
          28000       56.00000

   Energies (kJ/mol)
        LJ (SR)  Disper. corr.   Coulomb (SR)   Coul. recip.      Potential
    1.62011e+03   -1.53043e+01   -1.15669e+04    1.35993e+02   -9.82606e+03
    Kinetic En.   Total Energy  Conserved En.    Temperature Pres. DC (bar)
    1.59791e+03   -8.22815e+03   -1.85526e+03    2.97270e+02   -5.61333e+00
 Pressure (bar)
   -6.89160e+01

           Step           Time
          28500       57.00000

   Energies (kJ/mol)
        LJ (SR)  Disper. corr.   Coulomb (SR)   Coul. recip.      Potential
    1.74118e+03   -1.53043e+01   -1.15654e+04    1.56459e+02   -9.68308e+03
    Kinetic En.   Total Energy  Conserved En.    Temperature Pres. DC (bar)
    1.62566e+03   -8.05742e+03   -1.85540e+03    3.02431e+02   -5.61333e+00
 Pressure (bar)
    1.91387e+02

           Step           Time
          29000       58.00000

   Energies (kJ/mol)
        LJ (SR)  Disper. corr.   Coulomb (SR)   Coul. recip.      Potential
    1.56547e+03   -1.53043e+01   -1.14525e+04    1.40758e+02   -9.76156e+03
    Kinetic En.   Total Energy  Conserved En.    Temperature Pres. DC (bar)
    1.62823e+03   -8.13334e+03   -1.85662e+03    3.02909e+02   -5.61333e+00
 Pressure (bar)
   -1.71726e+02

           Step           Time
          29500       59.00000

   Energies (kJ/mol)
        LJ (SR)  Disper. corr.   Coulomb (SR)   Coul. recip.      Potential
    1.81343e+03   -1.53043e+01   -1.18098e+04    1.74850e+02   -9.83683e+03
    Kinetic En.   Total Energy  Conserved En.    Temperature Pres. DC (bar)
    1.53947e+03   -8.29736e+03   -1.85291e+03    2.86398e+02   -5.61333e+00
 Pressure (bar)
    1.35085e+02

           Step           Time
          30000       60.00000

   Energies (kJ/mol)
        LJ (SR)  Disper. corr.   Coulomb (SR)   Coul. recip.      Potential
    1.64788e+03   -1.53043e+01   -1.15806e+04    1.39604e+02   -9.80840e+03
    Kinetic En.   Total Energy  Conserved En.    Temperature Pres. DC (bar)
    1.65167e+03   -8.15673e+03   -1.85683e+03    3.07270e+02   -5.61333e+00
 Pressure (bar)
   -5.19211e+01

           Step           Time
          30500       61.00000

   Energies (kJ/mol)
        LJ (SR)  Disper. corr.   Coulomb (SR)   Coul. recip.      Potential
    1.68958e+03   -1.53043e+01   -1.15930e+04    1.22786e+02   -9.79590e+03
    Kinetic En.   Total Energy  Conserved En.    Temperature Pres. DC (bar)
    1.58026e+03   -8.21564e+03   -1.85745e+03    2.93985e+02   -5.61333e+00
 Pressure (bar)
    4.92481e+01

           Step           Time
          31000       62.00000

   Energies (kJ/mol)
        LJ (SR)  Disper. corr.   Coulomb (SR)   Coul. recip.      Potential
    1.43614e+03   -1.53043e+01   -1.12952e+04    1.63159e+02   -9.71120e+03
    Kinetic En.   Total Energy  Conserved En.    Temperature Pres. DC (bar)
    1.64479e+03   -8.06641e+03   -1.85791e+03    3.05990e+02   -5.61333e+00
 Pressure (bar)
   -2.40648e+02

           Step           Time
          31500       63.00000

   Energies (kJ/mol)
        LJ (SR)  Disper. corr.   Coulomb (SR)   Coul. recip.      Potential
    1.58377e+03   -1.53043e+01   -1.13029e+04    1.53525e+02   -9.58094e+03
    Kinetic En.   Total Energy  Conserved En.    Temperature Pres. DC (bar)
    1.68289e+03   -7.89805e+03   -1.85641e+03    3.13078e+02   -5.61333e+00
 Pressure (bar)
   -3.64981e+01

           Step           Time
          32000       64.00000

   Energies (kJ/mol)
        LJ (SR)  Disper. corr.   Coulomb (SR)   Coul. recip.      Potential
    1.77696e+03   -1.53043e+01   -1.18388e+04    1.55302e+02   -9.92189e+03
    Kinetic En.   Total Energy  Conserved En.    Temperature Pres. DC (bar)
    1.60941e+03   -8.31249e+03   -1.85679e+03    2.99408e+02   -5.61333e+00
 Pressure (bar)
    8.25059e+01

           Step           Time
          32500       65.00000

   Energies (kJ/mol)
        LJ (SR)  Disper. corr.   Coulomb (SR)   Coul. recip.      Potential
    1.57306e+03   -1.53043e+01   -1.14269e+04    1.43873e+02   -9.72527e+03
    Kinetic En.   Total Energy  Conserved En.    Temperature Pres. DC (bar)
    1.62304e+03   -8.10222e+03   -1.85520e+03    3.01945e+02   -5.61333e+00
 Pressure (bar)
   -1.49164e+02

           Step           Time
          33000       66.00000

   Energies (kJ/mol)
        LJ (SR)  Disper. corr.   Coulomb (SR)   Coul. recip.      Potential
    1.75071e+03   -1.53043e+01   -1.19341e+04    1.61506e+02   -1.00372e+04
    Kinetic En.   Total Energy  Conserved En.    Temperature Pres. DC (bar)
    1.52215e+03   -8.51503e+03   -1.85453e+03    2.83176e+02   -5.61333e+00
 Pressure (bar)
   -2.47943e+01

           Step           Time
          33500       67.00000

   Energies (kJ/mol)
        LJ (SR)  Disper. corr.   Coulomb (SR)   Coul. recip.      Potential
    1.64640e+03   -1.53043e+01   -1.17166e+04    1.56513e+02   -9.92898e+03
    Kinetic En.   Total Energy  Conserved En.    Temperature Pres. DC (bar)
    1.54309e+03   -8.38589e+03   -1.85588e+03    2.87070e+02   -5.61333e+00
 Pressure (bar)
   -1.69423e+02

           Step           Time
          34000       68.00000

   Energies (kJ/mol)
        LJ (SR)  Disper. corr.   Coulomb (SR)   Coul. recip.      Potential
    1.59315e+03   -1.53043e+01   -1.14745e+04    1.43453e+02   -9.75322e+03
    Kinetic En.   Total Energy  Conserved En.    Temperature Pres. DC (bar)
    1.61445e+03   -8.13877e+03   -1.85569e+03    3.00346e+02   -5.61333e+00
 Pressure (bar)
   -1.61812e+02

           Step           Time
          34500       69.00000

   Energies (kJ/mol)
        LJ (SR)  Disper. corr.   Coulomb (SR)   Coul. recip.      Potential
    1.68066e+03   -1.53043e+01   -1.16063e+04    1.41570e+02   -9.79938e+03
    Kinetic En.   Total Energy  Conserved En.    Temperature Pres. DC (bar)
    1.56203e+03   -8.23735e+03   -1.85495e+03    2.90593e+02   -5.61333e+00
 Pressure (bar)
   -1.17190e+02

           Step           Time
          35000       70.00000

   Energies (kJ/mol)
        LJ (SR)  Disper. corr.   Coulomb (SR)   Coul. recip.      Potential
    1.64774e+03   -1.53043e+01   -1.16318e+04    1.57899e+02   -9.84143e+03
    Kinetic En.   Total Energy  Conserved En.    Temperature Pres. DC (bar)
    1.61628e+03   -8.22516e+03   -1.85479e+03    3.00686e+02   -5.61333e+00
 Pressure (bar)
   -7.91215e+01

           Step           Time
          35500       71.00000

   Energies (kJ/mol)
        LJ (SR)  Disper. corr.   Coulomb (SR)   Coul. recip.      Potential
    1.68515e+03   -1.53043e+01   -1.15632e+04    1.45508e+02   -9.74788e+03
    Kinetic En.   Total Energy  Conserved En.    Temperature Pres. DC (bar)
    1.54085e+03   -8.20704e+03   -1.85625e+03    2.86654e+02   -5.61333e+00
 Pressure (bar)
    6.40918e+00

           Step           Time
          36000       72.00000

   Energies (kJ/mol)
        LJ (SR)  Disper. corr.   Coulomb (SR)   Coul. recip.      Potential
    1.70930e+03   -1.53043e+01   -1.18688e+04    1.51441e+02   -1.00233e+04
    Kinetic En.   Total Energy  Conserved En.    Temperature Pres. DC (bar)
    1.55064e+03   -8.47268e+03   -1.85773e+03    2.88475e+02   -5.61333e+00
 Pressure (bar)
   -9.68155e+01

           Step           Time
          36500       73.00000

   Energies (kJ/mol)
        LJ (SR)  Disper. corr.   Coulomb (SR)   Coul. recip.      Potential
    1.53570e+03   -1.53043e+01   -1.14719e+04    1.59072e+02   -9.79244e+03
    Kinetic En.   Total Energy  Conserved En.    Temperature Pres. DC (bar)
    1.58015e+03   -8.21229e+03   -1.85754e+03    2.93965e+02   -5.61333e+00
 Pressure (bar)
   -2.53465e+02

           Step           Time
          37000       74.00000

   Energies (kJ/mol)
        LJ (SR)  Disper. corr.   Coulomb (SR)   Coul. recip.      Potential
    1.80388e+03   -1.53043e+01   -1.17374e+04    1.63948e+02   -9.78492e+03
    Kinetic En.   Total Energy  Conserved En.    Temperature Pres. DC (bar)
    1.56637e+03   -8.21854e+03   -1.85856e+03    2.91402e+02   -5.61333e+00
 Pressure (bar)
    1.27345e+02

           Step           Time
          37500       75.00000

   Energies (kJ/mol)
        LJ (SR)  Disper. corr.   Coulomb (SR)   Coul. recip.      Potential
    1.62833e+03   -1.53043e+01   -1.16810e+04    1.53999e+02   -9.91396e+03
    Kinetic En.   Total Energy  Conserved En.    Temperature Pres. DC (bar)
    1.54289e+03   -8.37107e+03   -1.85718e+03    2.87033e+02   -5.61333e+00
 Pressure (bar)
   -7.58671e+01

           Step           Time
          38000       76.00000

   Energies (kJ/mol)
        LJ (SR)  Disper. corr.   Coulomb (SR)   Coul. recip.      Potential
    1.66606e+03   -1.53043e+01   -1.16097e+04    1.68460e+02   -9.79048e+03
    Kinetic En.   Total Energy  Conserved En.    Temperature Pres. DC (bar)
    1.59334e+03   -8.19714e+03   -1.85803e+03    2.96418e+02   -5.61333e+00
 Pressure (bar)
    3.61973e+01

           Step           Time
          38500       77.00000

   Energies (kJ/mol)
        LJ (SR)  Disper. corr.   Coulomb (SR)   Coul. recip.      Potential
    1.60484e+03   -1.53043e+01   -1.14352e+04    1.54452e+02   -9.69117e+03
    Kinetic En.   Total Energy  Conserved En.    Temperature Pres. DC (bar)
    1.65272e+03   -8.03845e+03   -1.85754e+03    3.07466e+02   -5.61333e+00
 Pressure (bar)
   -2.24253e+01

           Step           Time
          39000       78.00000

   Energies (kJ/mol)
        LJ (SR)  Disper. corr.   Coulomb (SR)   Coul. recip.      Potential
    1.54701e+03   -1.53043e+01   -1.15959e+04    1.29624e+02   -9.93457e+03
    Kinetic En.   Total Energy  Conserved En.    Temperature Pres. DC (bar)
    1.60822e+03   -8.32635e+03   -1.86131e+03    2.99186e+02   -5.61333e+00
 Pressure (bar)
   -2.71076e+02

           Step           Time
          39500       79.00000

   Energies (kJ/mol)
        LJ (SR)  Disper. corr.   Coulomb (SR)   Coul. recip.      Potential
    1.69571e+03   -1.53043e+01   -1.15622e+04    1.52636e+02   -9.72917e+03
    Kinetic En.   Total Energy  Conserved En.    Temperature Pres. DC (bar)
    1.53752e+03   -8.19165e+03   -1.85789e+03    2.86035e+02   -5.61333e+00
 Pressure (bar)
    3.34089e+01

           Step           Time
          40000       80.00000

   Energies (kJ/mol)
        LJ (SR)  Disper. corr.   Coulomb (SR)   Coul. recip.      Potential
    1.58963e+03   -1.53043e+01   -1.15601e+04    1.50208e+02   -9.83551e+03
    Kinetic En.   Total Energy  Conserved En.    Temperature Pres. DC (bar)
    1.66393e+03   -8.17158e+03   -1.86007e+03    3.09552e+02   -5.61333e+00
 Pressure (bar)
   -1.16918e+02

           Step           Time
          40500       81.00000

   Energies (kJ/mol)
        LJ (SR)  Disper. corr.   Coulomb (SR)   Coul. recip.      Potential
    1.43151e+03   -1.53043e+01   -1.14061e+04    1.30261e+02   -9.85964e+03
    Kinetic En.   Total Energy  Conserved En.    Temperature Pres. DC (bar)
    1.67298e+03   -8.18666e+03   -1.85988e+03    3.11235e+02   -5.61333e+00
 Pressure (bar)
   -2.82814e+02

           Step           Time
          41000       82.00000

   Energies (kJ/mol)
        LJ (SR)  Disper. corr.   Coulomb (SR)   Coul. recip.      Potential
    1.57669e+03   -1.53043e+01   -1.14655e+04    1.47706e+02   -9.75641e+03
    Kinetic En.   Total Energy  Conserved En.    Temperature Pres. DC (bar)
    1.71610e+03   -8.04031e+03   -1.85934e+03    3.19257e+02   -5.61333e+00
 Pressure (bar)
   -2.17426e+01

           Step           Time
          41500       83.00000

   Energies (kJ/mol)
        LJ (SR)  Disper. corr.   Coulomb (SR)   Coul. recip.      Potential
    1.78331e+03   -1.53043e+01   -1.17200e+04    1.25954e+02   -9.82603e+03
    Kinetic En.   Total Energy  Conserved En.    Temperature Pres. DC (bar)
    1.55577e+03   -8.27026e+03   -1.85797e+03    2.89429e+02   -5.61333e+00
 Pressure (bar)
    9.70134e+01

           Step           Time
          42000       84.00000

   Energies (kJ/mol)
        LJ (SR)  Disper. corr.   Coulomb (SR)   Coul. recip.      Potential
    1.79421e+03   -1.53043e+01   -1.17706e+04    1.33814e+02   -9.85791e+03
    Kinetic En.   Total Energy  Conserved En.    Temperature Pres. DC (bar)
    1.57468e+03   -8.28323e+03   -1.85696e+03    2.92947e+02   -5.61333e+00
 Pressure (bar)
    1.18650e+02

           Step           Time
          42500       85.00000

   Energies (kJ/mol)
        LJ (SR)  Disper. corr.   Coulomb (SR)   Coul. recip.      Potential
    1.64421e+03   -1.53043e+01   -1.16931e+04    1.28844e+02   -9.93534e+03
    Kinetic En.   Total Energy  Conserved En.    Temperature Pres. DC (bar)
    1.75031e+03   -8.18503e+03   -1.86200e+03    3.25620e+02   -5.61333e+00
 Pressure (bar)
   -6.95689e+01

           Step           Time
          43000       86.00000

   Energies (kJ/mol)
        LJ (SR)  Disper. corr.   Coulomb (SR)   Coul. recip.      Potential
    1.66423e+03   -1.53043e+01   -1.18032e+04    1.57398e+02   -9.99692e+03
    Kinetic En.   Total Energy  Conserved En.    Temperature Pres. DC (bar)
    1.68349e+03   -8.31343e+03   -1.85983e+03    3.13191e+02   -5.61333e+00
 Pressure (bar)
   -4.31444e+01

           Step           Time
          43500       87.00000

   Energies (kJ/mol)
        LJ (SR)  Disper. corr.   Coulomb (SR)   Coul. recip.      Potential
    1.78823e+03   -1.53043e+01   -1.19043e+04    1.45645e+02   -9.98573e+03
    Kinetic En.   Total Energy  Conserved En.    Temperature Pres. DC (bar)
    1.60626e+03   -8.37947e+03   -1.85970e+03    2.98822e+02   -5.61333e+00
 Pressure (bar)
    6.68967e+01

           Step           Time
          44000       88.00000

   Energies (kJ/mol)
        LJ (SR)  Disper. corr.   Coulomb (SR)   Coul. recip.      Potential
    1.65833e+03   -1.53043e+01   -1.16526e+04    1.55191e+02   -9.85435e+03
    Kinetic En.   Total Energy  Conserved En.    Temperature Pres. DC (bar)
    1.65887e+03   -8.19548e+03   -1.85763e+03    3.08609e+02   -5.61333e+00
 Pressure (bar)
   -3.26414e+01

           Step           Time
          44500       89.00000

   Energies (kJ/mol)
        LJ (SR)  Disper. corr.   Coulomb (SR)   Coul. recip.      Potential
    1.50171e+03   -1.53043e+01   -1.15221e+04    1.38100e+02   -9.89760e+03
    Kinetic En.   Total Energy  Conserved En.    Temperature Pres. DC (bar)
    1.70315e+03   -8.19446e+03   -1.85825e+03    3.16847e+02   -5.61333e+00
 Pressure (bar)
   -2.73102e+02

           Step           Time
          45000       90.00000

   Energies (kJ/mol)
        LJ (SR)  Disper. corr.   Coulomb (SR)   Coul. recip.      Potential
    1.59398e+03   -1.53043e+01   -1.16450e+04    1.34364e+02   -9.93191e+03
    Kinetic En.   Total Energy  Conserved En.    Temperature Pres. DC (bar)
    1.63094e+03   -8.30098e+03   -1.85946e+03    3.03413e+02   -5.61333e+00
 Pressure (bar)
   -1.91133e+02

           Step           Time
          45500       91.00000

   Energies (kJ/mol)
        LJ (SR)  Disper. corr.   Coulomb (SR)   Coul. recip.      Potential
    1.81154e+03   -1.53043e+01   -1.18183e+04    1.55724e+02   -9.86635e+03
    Kinetic En.   Total Energy  Conserved En.    Temperature Pres. DC (bar)
    1.56496e+03   -8.30140e+03   -1.85809e+03    2.91139e+02   -5.61333e+00
 Pressure (bar)
    4.73847e+01

           Step           Time
          46000       92.00000

   Energies (kJ/mol)
        LJ (SR)  Disper. corr.   Coulomb (SR)   Coul. recip.      Potential
    1.67595e+03   -1.53043e+01   -1.17465e+04    1.50264e+02   -9.93558e+03
    Kinetic En.   Total Energy  Conserved En.    Temperature Pres. DC (bar)
    1.67524e+03   -8.26035e+03   -1.86022e+03    3.11655e+02   -5.61333e+00
 Pressure (bar)
   -8.61021e+01

           Step           Time
          46500       93.00000

   Energies (kJ/mol)
        LJ (SR)  Disper. corr.   Coulomb (SR)   Coul. recip.      Potential
    1.94916e+03   -1.53043e+01   -1.19926e+04    1.87404e+02   -9.87136e+03
    Kinetic En.   Total Energy  Conserved En.    Temperature Pres. DC (bar)
    1.70468e+03   -8.16669e+03   -1.86210e+03    3.17131e+02   -5.61333e+00
 Pressure (bar)
    2.47706e+02

           Step           Time
          47000       94.00000

   Energies (kJ/mol)
        LJ (SR)  Disper. corr.   Coulomb (SR)   Coul. recip.      Potential
    1.91591e+03   -1.53043e+01   -1.17688e+04    1.56396e+02   -9.71182e+03
    Kinetic En.   Total Energy  Conserved En.    Temperature Pres. DC (bar)
    1.63921e+03   -8.07261e+03   -1.86201e+03    3.04952e+02   -5.61333e+00
 Pressure (bar)
    2.92051e+02

           Step           Time
          47500       95.00000

   Energies (kJ/mol)
        LJ (SR)  Disper. corr.   Coulomb (SR)   Coul. recip.      Potential
    1.72839e+03   -1.53043e+01   -1.15396e+04    1.64335e+02   -9.66220e+03
    Kinetic En.   Total Energy  Conserved En.    Temperature Pres. DC (bar)
    1.68293e+03   -7.97927e+03   -1.86218e+03    3.13086e+02   -5.61333e+00
 Pressure (bar)
    1.81205e+02

           Step           Time
          48000       96.00000

   Energies (kJ/mol)
        LJ (SR)  Disper. corr.   Coulomb (SR)   Coul. recip.      Potential
    1.75969e+03   -1.53043e+01   -1.17180e+04    1.57554e+02   -9.81611e+03
    Kinetic En.   Total Energy  Conserved En.    Temperature Pres. DC (bar)
    1.59533e+03   -8.22078e+03   -1.85957e+03    2.96789e+02   -5.61333e+00
 Pressure (bar)
    4.94851e+01

           Step           Time
          48500       97.00000

   Energies (kJ/mol)
        LJ (SR)  Disper. corr.   Coulomb (SR)   Coul. recip.      Potential
    1.77881e+03   -1.53043e+01   -1.15808e+04    1.65095e+02   -9.65225e+03
    Kinetic En.   Total Energy  Conserved En.    Temperature Pres. DC (bar)
    1.65759e+03   -7.99466e+03   -1.86080e+03    3.08371e+02   -5.61333e+00
 Pressure (bar)
    2.20352e+02

           Step           Time
          49000       98.00000

   Energies (kJ/mol)
        LJ (SR)  Disper. corr.   Coulomb (SR)   Coul. recip.      Potential
    1.69934e+03   -1.53043e+01   -1.16518e+04    1.45220e+02   -9.82252e+03
    Kinetic En.   Total Energy  Conserved En.    Temperature Pres. DC (bar)
    1.69949e+03   -8.12303e+03   -1.86095e+03    3.16166e+02   -5.61333e+00
 Pressure (bar)
    3.87027e+00

           Step           Time
          49500       99.00000

   Energies (kJ/mol)
        LJ (SR)  Disper. corr.   Coulomb (SR)   Coul. recip.      Potential
    1.65820e+03   -1.53043e+01   -1.14262e+04    1.44621e+02   -9.63873e+03
    Kinetic En.   Total Energy  Conserved En.    Temperature Pres. DC (bar)
    1.56694e+03   -8.07179e+03   -1.86078e+03    2.91508e+02   -5.61333e+00
 Pressure (bar)
   -3.88477e+00

           Step           Time
          50000      100.00000

Writing checkpoint, step 50000 at Thu Apr  2 23:10:08 2026


   Energies (kJ/mol)
        LJ (SR)  Disper. corr.   Coulomb (SR)   Coul. recip.      Potential
    1.68071e+03   -1.53043e+01   -1.16709e+04    1.31775e+02   -9.87368e+03
    Kinetic En.   Total Energy  Conserved En.    Temperature Pres. DC (bar)
    1.51585e+03   -8.35783e+03   -1.85958e+03    2.82003e+02   -5.61333e+00
 Pressure (bar)
   -8.82000e+01


Energy conservation over simulation part #1 of length 100 ps, time 0 to 100 ps
  Conserved energy drift: 3.07e-05 kJ/mol/ps per atom


	<======  ###############  ==>
	<====  A V E R A G E S  ====>
	<==  ###############  ======>

	Statistics over 50001 steps using 501 frames

   Energies (kJ/mol)
        LJ (SR)  Disper. corr.   Coulomb (SR)   Coul. recip.      Potential
    1.68632e+03   -1.53043e+01   -1.16070e+04    1.51516e+02   -9.78446e+03
    Kinetic En.   Total Energy  Conserved En.    Temperature Pres. DC (bar)
    1.61633e+03   -8.16813e+03   -1.85743e+03    3.00695e+02   -5.61333e+00
 Pressure (bar)
   -3.34602e+00

   Total Virial (kJ/mol)
    5.43869e+02    1.00303e+01   -8.60025e+00
    1.00314e+01    5.35345e+02    9.91397e+00
   -8.59201e+00    9.91308e+00    5.50884e+02

   Pressure (bar)
   -3.09888e+00   -5.86723e+00    5.94074e+00
   -5.86803e+00    2.59553e+00   -7.80595e+00
    5.93473e+00   -7.80531e+00   -9.53473e+00


	M E G A - F L O P S   A C C O U N T I N G

 NB=Group-cutoff nonbonded kernels    NxN=N-by-N cluster Verlet kernels
 RF=Reaction-Field  VdW=Van der Waals  QSTab=quadratic-spline table
 W3=SPC/TIP3p  W4=TIP4p (single or pairs)
 V&F=Potential and force  V=Potential only  F=Force only

 Computing:                               M-Number         M-Flops  % Flops
-----------------------------------------------------------------------------
 Pair Search distance check              19.139792         172.258     0.0
 NxN Ewald Elec. + LJ [F]             16230.728448     1071228.078    97.9
 NxN Ewald Elec. + LJ [V&F]             164.277056       17577.645     1.6
 Shift-X                                  0.432864           2.597     0.0
 Virial                                   0.455409           8.197     0.0
 Stop-CM                                  0.433728           4.337     0.0
 Calc-Ekin                                8.641728         233.327     0.0
 Constraint-V                            32.401296         291.612     0.0
 Constraint-Vir                           0.324648           7.792     0.0
 Settle                                  10.800648        3996.240     0.4
 Virtual Site 3                          10.908432         403.612     0.0
-----------------------------------------------------------------------------
 Total                                                 1093925.694   100.0
-----------------------------------------------------------------------------


      R E A L   C Y C L E   A N D   T I M E   A C C O U N T I N G

On 1 MPI rank, each using 24 OpenMP threads

 Activity:              Num   Num      Call    Wall time         Giga-Cycles
                        Ranks Threads  Count      (s)         total sum    %
--------------------------------------------------------------------------------
 Vsite constr.             1   24      50001       0.896         68.558  11.9
 Neighbor search           1   24        501       0.079          6.047   1.0
 Launch PP GPU ops.        1   24      99501       0.424         32.414   5.6
 Force                     1   24      50001       0.004          0.290   0.1
 PME GPU mesh              1   24      50001       0.574         43.878   7.6
 PME wait for PP                                   6.963        532.644  92.4
 Wait GPU NB local         1   24      50001       0.006          0.479   0.1
 Wait GPU state copy       1   24      49500       1.329        101.657  17.6
 NB X/F buffer ops.        1   24        501       0.008          0.633   0.1
 Vsite spread              1   24      50502       1.328        101.560  17.6
 Write traj.               1   24        101       0.015          1.178   0.2
 Update                    1   24      50001       1.730        132.306  22.9
 Constraints               1   24      50003       0.842         64.424  11.2
 Kinetic energy            1   24      10001       0.177         13.562   2.4
--------------------------------------------------------------------------------
 Total                                             7.537        576.522 100.0
--------------------------------------------------------------------------------
 Breakdown of PME mesh activities
--------------------------------------------------------------------------------
 Wait PME GPU gather       1   24      50001       0.006          0.422   0.1
 Reduce GPU PME F          1   24      50001       0.009          0.691   0.1
 Launch PME GPU ops.       1   24     400008       0.537         41.050   7.1
--------------------------------------------------------------------------------

               Core t (s)   Wall t (s)        (%)
       Time:      180.887        7.537     2400.0
                 (ns/day)    (hour/ns)    (ms/step)  (Matom*steps/s) 
Performance:     1146.359        0.021        0.151            5.732 
Finished mdrun on rank 0 Thu Apr  2 23:10:08 2026

